1597938517373	mozrunner::runner	INFO	Running command: "G:\\火狐\\firefox.exe" "-marionette" "-foreground" "-no-remote" "-profile" "C:\\Users\\26765\\AppData\\Local\\Temp\\rust_mozprofileL7e0gK"
JavaScript error: resource://gre/modules/XULStore.jsm, line 66: Error: Can't find profile directory.
1597938521030	Marionette	INFO	Listening on port 51360
1597938521050	Marionette	WARN	TLS certificate errors will be ignored for this session
1597938524449	Marionette	INFO	Stopped listening on port 51360

###!!! [Child][RunMessage] Error: Channel closing: too late to send/recv, messages will be lost


###!!! [Child][MessageChannel::SendAndWait] Error: Channel error: cannot send/recv

1597938530235	mozrunner::runner	INFO	Running command: "G:\\火狐\\firefox.exe" "-marionette" "-foreground" "-no-remote" "-profile" "C:\\Users\\26765\\AppData\\Local\\Temp\\rust_mozprofileF9GR4q"
JavaScript error: resource://gre/modules/XULStore.jsm, line 66: Error: Can't find profile directory.
1597938533206	Marionette	INFO	Listening on port 51461
1597938533435	Marionette	WARN	TLS certificate errors will be ignored for this session
1597938610499	Marionette	INFO	Stopped listening on port 51461

###!!! [Child][RunMessage] Error: Channel closing: too late to send/recv, messages will be lost


###!!! [Child][MessageChannel::SendAndWait] Error: Channel error: cannot send/recv

ine 66: Error: Can't find profile directory.
1597938588214	Marionette	INFO	Listening on port 51539
1597938588467	Marionette	WARN	TLS certificate errors will be ignored for this session
1597938610503	Marionette	INFO	Stopped listening on port 51539

###!!! [Child][MessageChannel::SendAndWait] Error: Channel error: cannot send/recv

AppData\\Local\\Temp\\rust_mozprofileL5Ajc4"
JavaScript error: resource://gre/modules/XULStore.jsm, line 66: Error: Can't find profile directory.
1597938612969	Marionette	INFO	Listening on port 51603
1597938613040	Marionette	WARN	TLS certificate errors will be ignored for this session
1597938657590	Marionette	INFO	Stopped listening on port 51603

###!!! [Child][RunMessage] Error: Channel closing: too late to send/recv, messages will be lost


###!!! [Child][MessageChannel::SendAndWait] Error: Channel error: cannot send/recv

1597974907891	mozrunner::runner	INFO	Running command: "G:\\火狐\\firefox.exe" "-marionette" "-foreground" "-no-remote" "-profile" "C:\\Users\\26765\\AppData\\Local\\Temp\\rust_mozprofileeKr6Fj"
JavaScript error: resource://gre/modules/XULStore.jsm, line 66: Error: Can't find profile directory.
1597974920934	Marionette	INFO	Listening on port 53782
1597974921428	Marionette	WARN	TLS certificate errors will be ignored for this session
1597974973149	Marionette	INFO	Stopped listening on port 53782

###!!! [Child][RunMessage] Error: Channel closing: too late to send/recv, messages will be lost


###!!! [Child][MessageChannel::SendAndWait] Error: Channel error: cannot send/recv

