[INFO  - 2020-09-07T06:12:09.585Z] GhostDriver - Main - running on port 51323
[INFO  - 2020-09-07T06:12:13.389Z] Session [12493480-f0d1-11ea-a2da-8ff8ccb1e7d0] - page.settings - {"XSSAuditingEnabled":false,"javascriptCanCloseWindows":true,"javascriptCanOpenWindows":true,"javascriptEnabled":true,"loadImages":true,"localToRemoteUrlAccessEnabled":false,"userAgent":"Mozilla/5.0 (Windows NT 6.2; WOW64) AppleWebKit/538.1 (KHTML, like Gecko) PhantomJS/2.1.1 Safari/538.1","webSecurityEnabled":true}
[INFO  - 2020-09-07T06:12:13.389Z] Session [12493480-f0d1-11ea-a2da-8ff8ccb1e7d0] - page.customHeaders:  - {}
[INFO  - 2020-09-07T06:12:13.389Z] Session [12493480-f0d1-11ea-a2da-8ff8ccb1e7d0] - Session.negotiatedCapabilities - {"browserName":"phantomjs","version":"2.1.1","driverName":"ghostdriver","driverVersion":"1.2.0","platform":"windows-10-32bit","javascriptEnabled":true,"takesScreenshot":true,"handlesAlerts":false,"databaseEnabled":false,"locationContextEnabled":false,"applicationCacheEnabled":false,"browserConnectionEnabled":false,"cssSelectorsEnabled":true,"webStorageEnabled":false,"rotatable":false,"acceptSslCerts":false,"nativeEvents":true,"proxy":{"proxyType":"direct"}}
[INFO  - 2020-09-07T06:12:13.389Z] SessionManagerReqHand - _postNewSessionCommand - New Session Created: 12493480-f0d1-11ea-a2da-8ff8ccb1e7d0
[ERROR - 2020-09-07T06:12:26.179Z] WebElementLocator - _handleLocateCommand - Element(s) NOT Found: GAVE UP. Search Stop Time: 1599459146118

  phantomjs://platform/console++.js:263 in error
[ERROR - 2020-09-07T06:12:27.083Z] WebElementLocator - _handleLocateCommand - Element(s) NOT Found: GAVE UP. Search Stop Time: 1599459147035

  phantomjs://platform/console++.js:263 in error
[ERROR - 2020-09-07T06:12:27.942Z] WebElementLocator - _handleLocateCommand - Element(s) NOT Found: GAVE UP. Search Stop Time: 1599459147897

  phantomjs://platform/console++.js:263 in error
[ERROR - 2020-09-07T06:12:28.785Z] WebElementLocator - _handleLocateCommand - Element(s) NOT Found: GAVE UP. Search Stop Time: 1599459148737

  phantomjs://platform/console++.js:263 in error
[ERROR - 2020-09-07T06:12:29.628Z] WebElementLocator - _handleLocateCommand - Element(s) NOT Found: GAVE UP. Search Stop Time: 1599459149576

  phantomjs://platform/console++.js:263 in error
[ERROR - 2020-09-07T06:12:30.475Z] WebElementLocator - _handleLocateCommand - Element(s) NOT Found: GAVE UP. Search Stop Time: 1599459150420

  phantomjs://platform/console++.js:263 in error
[ERROR - 2020-09-07T06:12:31.349Z] WebElementLocator - _handleLocateCommand - Element(s) NOT Found: GAVE UP. Search Stop Time: 1599459151292

  phantomjs://platform/console++.js:263 in error
[ERROR - 2020-09-07T06:12:32.226Z] WebElementLocator - _handleLocateCommand - Element(s) NOT Found: GAVE UP. Search Stop Time: 1599459152166

  phantomjs://platform/console++.js:263 in error
[ERROR - 2020-09-07T06:12:33.178Z] WebElementLocator - _handleLocateCommand - Element(s) NOT Found: GAVE UP. Search Stop Time: 1599459153126

  phantomjs://platform/console++.js:263 in error
[ERROR - 2020-09-07T06:12:34.087Z] WebElementLocator - _handleLocateCommand - Element(s) NOT Found: GAVE UP. Search Stop Time: 1599459154036

  phantomjs://platform/console++.js:263 in error
[ERROR - 2020-09-07T06:12:34.973Z] WebElementLocator - _handleLocateCommand - Element(s) NOT Found: GAVE UP. Search Stop Time: 1599459154929

  phantomjs://platform/console++.js:263 in error
[ERROR - 2020-09-07T06:12:35.850Z] WebElementLocator - _handleLocateCommand - Element(s) NOT Found: GAVE UP. Search Stop Time: 1599459155800

  phantomjs://platform/console++.js:263 in error
[ERROR - 2020-09-07T06:12:37.274Z] WebElementLocator - _handleLocateCommand - Element(s) NOT Found: GAVE UP. Search Stop Time: 1599459157218

  phantomjs://platform/console++.js:263 in error
[ERROR - 2020-09-07T06:12:38.211Z] WebElementLocator - _handleLocateCommand - Element(s) NOT Found: GAVE UP. Search Stop Time: 1599459158161

  phantomjs://platform/console++.js:263 in error
[ERROR - 2020-09-07T06:12:39.181Z] WebElementLocator - _handleLocateCommand - Element(s) NOT Found: GAVE UP. Search Stop Time: 1599459159125

  phantomjs://platform/console++.js:263 in error
[ERROR - 2020-09-07T06:12:40.146Z] WebElementLocator - _handleLocateCommand - Element(s) NOT Found: GAVE UP. Search Stop Time: 1599459160088

  phantomjs://platform/console++.js:263 in error
[ERROR - 2020-09-07T06:12:41.069Z] WebElementLocator - _handleLocateCommand - Element(s) NOT Found: GAVE UP. Search Stop Time: 1599459161015

  phantomjs://platform/console++.js:263 in error
[ERROR - 2020-09-07T06:12:41.962Z] WebElementLocator - _handleLocateCommand - Element(s) NOT Found: GAVE UP. Search Stop Time: 1599459161907

  phantomjs://platform/console++.js:263 in error
[ERROR - 2020-09-07T06:12:42.850Z] WebElementLocator - _handleLocateCommand - Element(s) NOT Found: GAVE UP. Search Stop Time: 1599459162800

  phantomjs://platform/console++.js:263 in error
[ERROR - 2020-09-07T06:12:43.741Z] WebElementLocator - _handleLocateCommand - Element(s) NOT Found: GAVE UP. Search Stop Time: 1599459163696

  phantomjs://platform/console++.js:263 in error
[ERROR - 2020-09-07T06:12:44.614Z] WebElementLocator - _handleLocateCommand - Element(s) NOT Found: GAVE UP. Search Stop Time: 1599459164559

  phantomjs://platform/console++.js:263 in error
[ERROR - 2020-09-07T06:12:45.506Z] WebElementLocator - _handleLocateCommand - Element(s) NOT Found: GAVE UP. Search Stop Time: 1599459165450

  phantomjs://platform/console++.js:263 in error
[ERROR - 2020-09-07T06:12:46.379Z] WebElementLocator - _handleLocateCommand - Element(s) NOT Found: GAVE UP. Search Stop Time: 1599459166333

  phantomjs://platform/console++.js:263 in error
[ERROR - 2020-09-07T06:12:47.209Z] WebElementLocator - _handleLocateCommand - Element(s) NOT Found: GAVE UP. Search Stop Time: 1599459167166

  phantomjs://platform/console++.js:263 in error
[ERROR - 2020-09-07T06:12:48.240Z] WebElementLocator - _handleLocateCommand - Element(s) NOT Found: GAVE UP. Search Stop Time: 1599459168193

  phantomjs://platform/console++.js:263 in error
[ERROR - 2020-09-07T06:12:49.067Z] WebElementLocator - _handleLocateCommand - Element(s) NOT Found: GAVE UP. Search Stop Time: 1599459169024

  phantomjs://platform/console++.js:263 in error
[ERROR - 2020-09-07T06:12:49.895Z] WebElementLocator - _handleLocateCommand - Element(s) NOT Found: GAVE UP. Search Stop Time: 1599459169853

  phantomjs://platform/console++.js:263 in error
[ERROR - 2020-09-07T06:12:50.723Z] WebElementLocator - _handleLocateCommand - Element(s) NOT Found: GAVE UP. Search Stop Time: 1599459170682

  phantomjs://platform/console++.js:263 in error
[ERROR - 2020-09-07T06:12:51.550Z] WebElementLocator - _handleLocateCommand - Element(s) NOT Found: GAVE UP. Search Stop Time: 1599459171504

  phantomjs://platform/console++.js:263 in error
[ERROR - 2020-09-07T06:12:52.379Z] WebElementLocator - _handleLocateCommand - Element(s) NOT Found: GAVE UP. Search Stop Time: 1599459172334

  phantomjs://platform/console++.js:263 in error
[ERROR - 2020-09-07T06:12:53.224Z] WebElementLocator - _handleLocateCommand - Element(s) NOT Found: GAVE UP. Search Stop Time: 1599459173167

  phantomjs://platform/console++.js:263 in error
[ERROR - 2020-09-07T06:12:54.082Z] WebElementLocator - _handleLocateCommand - Element(s) NOT Found: GAVE UP. Search Stop Time: 1599459174029

  phantomjs://platform/console++.js:263 in error
[ERROR - 2020-09-07T06:12:54.910Z] WebElementLocator - _handleLocateCommand - Element(s) NOT Found: GAVE UP. Search Stop Time: 1599459174868

  phantomjs://platform/console++.js:263 in error
[ERROR - 2020-09-07T06:12:55.740Z] WebElementLocator - _handleLocateCommand - Element(s) NOT Found: GAVE UP. Search Stop Time: 1599459175695

  phantomjs://platform/console++.js:263 in error
[ERROR - 2020-09-07T06:12:56.582Z] WebElementLocator - _handleLocateCommand - Element(s) NOT Found: GAVE UP. Search Stop Time: 1599459176539

  phantomjs://platform/console++.js:263 in error
[ERROR - 2020-09-07T06:12:57.410Z] WebElementLocator - _handleLocateCommand - Element(s) NOT Found: GAVE UP. Search Stop Time: 1599459177366

  phantomjs://platform/console++.js:263 in error
[ERROR - 2020-09-07T06:13:12.223Z] WebElementLocator - _handleLocateCommand - Element(s) NOT Found: GAVE UP. Search Stop Time: 1599459192168

  phantomjs://platform/console++.js:263 in error
[ERROR - 2020-09-07T06:13:13.052Z] WebElementLocator - _handleLocateCommand - Element(s) NOT Found: GAVE UP. Search Stop Time: 1599459193009

  phantomjs://platform/console++.js:263 in error
[ERROR - 2020-09-07T06:13:13.894Z] WebElementLocator - _handleLocateCommand - Element(s) NOT Found: GAVE UP. Search Stop Time: 1599459193842

  phantomjs://platform/console++.js:263 in error
[ERROR - 2020-09-07T06:13:14.724Z] WebElementLocator - _handleLocateCommand - Element(s) NOT Found: GAVE UP. Search Stop Time: 1599459194679

  phantomjs://platform/console++.js:263 in error
[ERROR - 2020-09-07T06:13:15.568Z] WebElementLocator - _handleLocateCommand - Element(s) NOT Found: GAVE UP. Search Stop Time: 1599459195511

  phantomjs://platform/console++.js:263 in error
